             GGG   U   U  I  DDDD   EEEE
            G   G  U   U  I  D   D  E
            G      U   U  I  D   D  E
            G  GG  U   U  I  D   D  EEE
            G   G  U   U  I  D   D  E
            G   G  U   U  I  D   D  E
             GGG    UUU   I  DDDD   EEEE
   
 GUIDE Classification and Regression Trees and Forests
 Compiled with GFortran 5.4.0 on Ubuntu 16.04                
 Version 25.2 (Build date: April 23, 2017)         
 Copyright (c) 1997-2017 Wei-Yin Loh. All rights reserved.
 This software is based upon work supported by the U.S. Army Research Office,
 the National Science Foundation and the National Institutes of Health.
  
 This job was started on: 04/26/17 at 22:43
  
 Least squares regression tree
 Predictions truncated at global min. and max. of D sample values
 No pruning
 Data description file: disk.dsc
 Training sample file: disk.dat
 Missing value code: NA
 Records in data file start on line 2
 Dependent variable is bw
 Piecewise linear model
 Number of records in data file: 15
 Length of longest data entry: 7
  
 Summary information (without x variables)
 d=dependent, b=split and fit cat variable using 0-1 dummies,
 c=split-only categorical, n=split and fit numerical, f=fit-only numerical,
 s=split-only numerical, w=weight
  Column  Name            Minimum      Maximum   #Categories       #Missing
       4  qdep       n   1.0000E+00   6.4000E+01
       5  wr         n   0.0000E+00   1.0000E+02
       6  wrnd       n   0.0000E+00   1.0000E+02
       7  rrnd       n   0.0000E+00   1.0000E+02
       9  wrsz       n   3.2000E+01   2.5300E+02
      10  rdsz       n   6.0000E+00   2.3800E+02
      13  bw         d   2.1000E-01   1.7090E+01
      16  wght       w   0.0000E+00   1.0000E+00
  
      Total  #cases w/   #missing
     #cases    miss. D  ord. vals   #X-var   #N-var   #F-var   #S-var   #B-var   #C-var
         15          0          0        8        6        0        0        0        0
 Weight variable in column: 16
 No. cases used for training: 14
 No. cases excluded due to 0 weight or missing D: 1
  
 Missing values imputed with node means for regression
 Interaction tests on all variables
 Split values for N and S variables based on exhaustive search
 Max. number of split levels: 30
 Min. node sample size: 2
 500 bootstrap calibration replicates
 Scaling for N variables after bootstrap calibration: 1.000
  
 Structure of final tree. Each terminal node is marked with a T.
  
 D-mean is weighted mean of bw in the node
 Cases fit give the number of cases used to fit node
 MSE and R^2 are based on all cases in node
        Node    Total    Cases Matrix    Node      Node      Node  Split           Other
        label   cases      fit  rank    D-mean     MSE       R^2   variable        variables
           1       14       14     7  4.053E+00  7.576E+00  0.8938 wr 
           2T       3        3     1  1.577E+01  1.995E+00  0.0000 - 
           3       11       11     7  8.564E-01  3.552E-01  0.7494 wr 
           6        8        8     1  7.512E-01  2.767E-01  0.0000 rrnd 
          12T       4        4     1  4.225E-01  4.762E-02  0.0000 - 
          13T       4        4     1  1.080E+00  3.291E-01  0.0000 - 
           7T       3        3     1  1.137E+00  1.715E+00  0.0000 - 
  
 Number of terminal nodes of final tree: 4
 Total number of nodes of final tree: 7
 Second best split variable (based on curvature test) at root node is wrnd
  
 Regression tree:
  
  Node 1: wr <=   20.00000
    Node 2: bw-mean =  15.77333
  Node 1: wr >   20.00000 or NA
    Node 3: wr <=   90.00000 or NA
      Node 6: rrnd <=   30.00000
        Node 12: bw-mean =   0.42250
      Node 6: rrnd >   30.00000 or NA
        Node 13: bw-mean =   1.08000
    Node 3: wr >   90.00000
      Node 7: bw-mean =   1.13667
 
 ***************************************************************
 
 In the following the predictor node mean is the weighted mean.
  
 WARNING: p-values below not adjusted for split search. For a bootstrap solution, see
 Loh et al. (2016), "Identification of subgroups with differential treatment effects
 for longitudinal and multiresponse variables", Statistics in Medicine, v.35, 4837-4855.
  
 Node 1: Intermediate node
 A case goes into Node 2 if wr <=  2.0000000E+01
 wr mean:  5.4286E+01
 Coefficients of least squares regression function:
 Regressor Coefficient      t-stat  p-val     Minimum        Mean     Maximum
 Constant   1.3077E+01        2.87 0.0240
 qdep       6.8359E-02        1.13 0.2941  1.0000E+00  2.1714E+01  6.4000E+01
 wr        -1.1202E-01       -4.78 0.0020  0.0000E+00  5.4286E+01  1.0000E+02
 wrnd      -8.1087E-02       -3.53 0.0096  0.0000E+00  5.8571E+01  1.0000E+02
 rrnd      -3.6018E-02       -1.39 0.2075  0.0000E+00  3.4286E+01  1.0000E+02
 wrsz       6.3615E-04        0.04 0.9707  3.2000E+01  1.4707E+02  2.5300E+02
 rdsz       1.0315E-02        0.84 0.4308  6.0000E+00  1.4186E+02  2.3800E+02
 Mean of bw =   4.0528571428571425     
 Predicted values truncated at  0.20999999999999999      &   17.090000000000000     
 ----------------------------
 Node 2: Terminal node
 Coefficients of least squares regression functions:
 Regressor Coefficient      t-stat  p-val     Minimum        Mean     Maximum
 Constant   1.5773E+01       18.69 0.0029
 qdep          aliased                     8.0000E+00  1.6000E+01  3.2000E+01
 wr            aliased                     0.0000E+00  0.0000E+00  0.0000E+00
 wrnd          aliased                     0.0000E+00  1.3333E+01  4.0000E+01
 rrnd          aliased                     0.0000E+00  1.3333E+01  4.0000E+01
 wrsz          aliased                     1.0400E+02  1.4133E+02  2.0100E+02
 rdsz          aliased                     7.3000E+01  1.6000E+02  2.2000E+02
 Mean of bw =   15.773333333333333     
 Predicted values truncated at  0.20999999999999999      &   17.090000000000000     
 ----------------------------
 Node 3: Intermediate node
 A case goes into Node 6 if wr <=  9.0000000E+01 or NA
 wr mean:  6.9091E+01
 ----------------------------
 Node 6: Intermediate node
 A case goes into Node 12 if rrnd <=  3.0000000E+01
 rrnd mean:  3.7500E+01
 ----------------------------
 Node 12: Terminal node
 Coefficients of least squares regression functions:
 Regressor Coefficient      t-stat  p-val     Minimum        Mean     Maximum
 Constant   4.2250E-01        3.74 0.0333
 qdep          aliased                     1.0000E+00  8.5000E+00  1.6000E+01
 wr            aliased                     4.0000E+01  6.5000E+01  8.0000E+01
 wrnd          aliased                     8.0000E+01  8.5000E+01  1.0000E+02
 rrnd          aliased                     0.0000E+00  0.0000E+00  0.0000E+00
 wrsz          aliased                     1.1400E+02  1.7125E+02  2.5300E+02
 rdsz          aliased                     3.8000E+01  1.2375E+02  2.3000E+02
 Mean of bw =  0.42249999999999999     
 Predicted values truncated at  0.20999999999999999      &   17.090000000000000     
 ----------------------------
 Node 13: Terminal node
 Coefficients of least squares regression functions:
 Regressor Coefficient      t-stat  p-val     Minimum        Mean     Maximum
 Constant   1.0800E+00        3.64 0.0358
 qdep          aliased                     2.0000E+00  3.3500E+01  6.4000E+01
 wr            aliased                     4.0000E+01  5.0000E+01  6.0000E+01
 wrnd          aliased                     4.0000E+01  7.5000E+01  1.0000E+02
 rrnd          aliased                     6.0000E+01  7.5000E+01  1.0000E+02
 wrsz          aliased                     7.8000E+01  1.5975E+02  2.5200E+02
 rdsz          aliased                     6.0000E+00  1.1075E+02  2.0300E+02
 Mean of bw =   1.0800000000000001     
 Predicted values truncated at  0.20999999999999999      &   17.090000000000000     
 ----------------------------
 Node 7: Terminal node
 Coefficients of least squares regression functions:
 Regressor Coefficient      t-stat  p-val     Minimum        Mean     Maximum
 Constant   1.1367E+00        1.45 0.2835
 qdep          aliased                     8.0000E+00  2.9333E+01  6.4000E+01
 wr            aliased                     1.0000E+02  1.0000E+02  1.0000E+02
 wrnd          aliased                     0.0000E+00  4.6667E+01  1.0000E+02
 rrnd          aliased                     0.0000E+00  4.6667E+01  8.0000E+01
 wrsz          aliased                     3.2000E+01  1.0367E+02  2.2000E+02
 rdsz          aliased                     1.5900E+02  1.8933E+02  2.3800E+02
 Mean of bw =   1.1366666666666667     
 Predicted values truncated at  0.20999999999999999      &   17.090000000000000     
 ----------------------------
  
 Number of cases with non-missing D values excluded from model fitting: 1
 Prediction MSE for these cases:   0.6724    
 Proportion of variance (R-squared) explained by tree model: .9829
 
 Observed and fitted values are stored in disk_fit.txt
 LaTeX code for tree is in disk.tex
 R code is stored in disk_pred.r
 Elapsed time in seconds:    4.39999998E-02
